<?xml version="1.0" encoding="UTF-8"?>
<!-- Generated by org.testng.reporters.JUnitReportReporter -->
<testsuite hostname="DESKTOP-07N1DL7" failures="0" tests="1" name="TestCases.SignUp" time="30.437" errors="0" timestamp="2022-04-01T08:20:14 IST" skipped="0">
  <testcase classname="TestCases.SignUp" name="method1" time="30.437"/>
  <system-out/>
</testsuite> <!-- TestCases.SignUp -->
