<?xml version="1.0" encoding="UTF-8"?>
<!-- Generated by org.testng.reporters.JUnitReportReporter -->
<testsuite hostname="DESKTOP-07N1DL7" failures="0" tests="1" name="TestCases.VerifySignUp" time="35.520" errors="0" timestamp="2022-04-02T10:51:08 IST" skipped="0">
  <testcase classname="TestCases.VerifySignUp" name="method1" time="35.520"/>
  <system-out/>
</testsuite> <!-- TestCases.VerifySignUp -->
