<?xml version="1.0" encoding="UTF-8"?>
<!-- Generated by org.testng.reporters.JUnitReportReporter -->
<testsuite hostname="DESKTOP-07N1DL7" failures="0" tests="2" name="TestCases.VerifyLogin" time="53.385" errors="0" timestamp="2022-04-02T10:49:35 IST" skipped="0">
  <testcase classname="TestCases.VerifyLogin" name="entercredentials" time="30.715"/>
  <system-out/>
  <testcase classname="TestCases.VerifyLogin" name="entercredentials" time="22.670"/>
  <system-out/>
</testsuite> <!-- TestCases.VerifyLogin -->
